<?xml version="1.0" encoding="UTF-8"?>
<!-- Generated by org.testng.reporters.JUnitReportReporter -->
<testsuite hostname="LAPTOP-SA6CFNU6" failures="0" tests="1" name="TestCases.TC2_Login" time="3.135" errors="0" timestamp="2024-08-25T20:30:59 IST" skipped="0">
  <testcase classname="TestCases.TC2_Login" name="verify_Login" time="3.135"/>
</testsuite> <!-- TestCases.TC2_Login -->
