<?xml version="1.0" encoding="UTF-8"?>
<!-- Generated by org.testng.reporters.JUnitReportReporter -->
<testsuite hostname="LAPTOP-SA6CFNU6" failures="0" tests="1" name="TestCases.TC5_OrderHistory" time="6.130" errors="0" timestamp="2024-08-25T20:30:59 IST" skipped="0">
  <testcase classname="TestCases.TC5_OrderHistory" name="verifyOrderHistory" time="6.130"/>
</testsuite> <!-- TestCases.TC5_OrderHistory -->
